<?xml version="1.0" encoding="UTF-8"?>
<coverage generated="1667382096979" clover="3.2.0">
  <project timestamp="1667382096979" name="All files">
    <metrics statements="19" coveredstatements="12" conditionals="1" coveredconditionals="1" methods="2" coveredmethods="1" elements="22" coveredelements="14" complexity="0" loc="19" ncloc="19" packages="1" files="2" classes="2"/>
    <file name="practise.js" path="C:\Users\Luuk\Documents\OpenIct\TestExamples-1\examples\practise.js">
      <metrics statements="12" coveredstatements="5" conditionals="0" coveredconditionals="0" methods="1" coveredmethods="0"/>
      <line num="1" count="1" type="stmt"/>
      <line num="2" count="1" type="stmt"/>
      <line num="3" count="1" type="stmt"/>
      <line num="4" count="0" type="stmt"/>
      <line num="5" count="0" type="stmt"/>
      <line num="6" count="0" type="stmt"/>
      <line num="7" count="0" type="stmt"/>
      <line num="8" count="0" type="stmt"/>
      <line num="9" count="0" type="stmt"/>
      <line num="10" count="0" type="stmt"/>
      <line num="11" count="1" type="stmt"/>
      <line num="12" count="1" type="stmt"/>
    </file>
    <file name="sum.js" path="C:\Users\Luuk\Documents\OpenIct\TestExamples-1\examples\sum.js">
      <metrics statements="7" coveredstatements="7" conditionals="1" coveredconditionals="1" methods="1" coveredmethods="1"/>
      <line num="1" count="1" type="stmt"/>
      <line num="2" count="1" type="stmt"/>
      <line num="3" count="1" type="cond" truecount="1" falsecount="0"/>
      <line num="4" count="1" type="stmt"/>
      <line num="5" count="1" type="stmt"/>
      <line num="6" count="1" type="stmt"/>
      <line num="7" count="1" type="stmt"/>
    </file>
  </project>
</coverage>
